#
# There is insufficient memory for the Java Runtime Environment to continue.
# Native memory allocation (malloc) failed to allocate 355712 bytes. Error detail: Chunk::new
# Possible reasons:
#   The system is out of physical RAM or swap space
#   This process is running with CompressedOops enabled, and the Java Heap may be blocking the growth of the native heap
# Possible solutions:
#   Reduce memory load on the system
#   Increase physical memory or swap space
#   Check if swap backing store is full
#   Decrease Java heap size (-Xmx/-Xms)
#   Decrease number of Java threads
#   Decrease Java thread stack sizes (-Xss)
#   Set larger code cache with -XX:ReservedCodeCacheSize=
#   JVM is running with Zero Based Compressed Oops mode in which the Java heap is
#     placed in the first 32GB address space. The Java Heap base address is the
#     maximum limit for the native heap growth. Please use -XX:HeapBaseMinAddress
#     to set the Java Heap base and to place the Java Heap above 32GB virtual address.
# This output file may be truncated or incomplete.
#
#  Out of Memory Error (arena.cpp:149), pid=32956, tid=43380
#
# JRE version: OpenJDK Runtime Environment (23.0.2+7) (build 23.0.2+7-58)
# Java VM: OpenJDK 64-Bit Server VM (23.0.2+7-58, mixed mode, sharing, tiered, compressed oops, compressed class ptrs, g1 gc, windows-amd64)
# No core dump will be written. Minidumps are not enabled by default on client versions of Windows
#

---------------  S U M M A R Y ------------

Command Line: --enable-preview -javaagent:C:\Program Files\JetBrains\IntelliJ IDEA Community Edition 2024.1.4\lib\idea_rt.jar=21735:C:\Program Files\JetBrains\IntelliJ IDEA Community Edition 2024.1.4\bin -Dfile.encoding=UTF-8 -Dsun.stdout.encoding=UTF-8 -Dsun.stderr.encoding=UTF-8 com.java.pianomaster.PianomasterApplication

Host: AMD Ryzen 5 5600G with Radeon Graphics         , 12 cores, 15G,  Windows 11 , 64 bit Build 26100 (10.0.26100.3037)
Time: Tue Mar  4 20:59:57 2025 Hora estándar central (México) elapsed time: 191.061598 seconds (0d 0h 3m 11s)

---------------  T H R E A D  ---------------

Current thread (0x00000182e3376c00):  JavaThread "C2 CompilerThread1" daemon [_thread_in_native, id=43380, stack(0x00000059cb700000,0x00000059cb800000) (1024K)]


Current CompileTask:
C2:191061 7671       4       org.apache.catalina.connector.OutputBuffer::append (70 bytes)

Stack: [0x00000059cb700000,0x00000059cb800000]
Native frames: (J=compiled Java code, j=interpreted, Vv=VM code, C=native code)
V  [jvm.dll+0x6e0b99]  (no source info available)
V  [jvm.dll+0x87e2b3]  (no source info available)
V  [jvm.dll+0x88073e]  (no source info available)
V  [jvm.dll+0x880e13]  (no source info available)
V  [jvm.dll+0x27b006]  (no source info available)
V  [jvm.dll+0xbc06f]  (no source info available)
V  [jvm.dll+0xbc2cb]  (no source info available)
V  [jvm.dll+0x3b3c5c]  (no source info available)
V  [jvm.dll+0x38a55b]  (no source info available)
V  [jvm.dll+0x3899ca]  (no source info available)
V  [jvm.dll+0x244ba1]  (no source info available)
V  [jvm.dll+0x243eff]  (no source info available)
V  [jvm.dll+0x1c34b0]  (no source info available)
V  [jvm.dll+0x253df1]  (no source info available)
V  [jvm.dll+0x2520aa]  (no source info available)
V  [jvm.dll+0x3ee226]  (no source info available)
V  [jvm.dll+0x8254cb]  (no source info available)
V  [jvm.dll+0x6df345]  (no source info available)
C  [ucrtbase.dll+0x37b0]  (no source info available)
C  [KERNEL32.DLL+0x2e8d7]  (no source info available)
C  [ntdll.dll+0xbbf2c]  (no source info available)

Lock stack of current Java thread (top to bottom):


---------------  P R O C E S S  ---------------

Threads class SMR info:
_java_thread_list=0x00000182e3485690, length=33, elements={
0x00000182ffa977f0, 0x00000182ffa98b80, 0x00000182ffa9b3e0, 0x00000182ffa9be00,
0x00000182ffaa12d0, 0x00000182ffaac040, 0x00000182ffab6500, 0x000001829b3e0090,
0x000001829b4a20f0, 0x000001829b778f40, 0x000001829b7795b0, 0x00000182e3350120,
0x00000182e334e050, 0x00000182e334cca0, 0x00000182e334e6e0, 0x00000182e334f400,
0x00000182e2faa050, 0x00000182e2fa8610, 0x00000182e2fa8ca0, 0x00000182e2faa6e0,
0x00000182e2fab400, 0x00000182e2fa7f80, 0x00000182e334ed70, 0x00000182e3e7a0e0,
0x00000182e3e7c840, 0x00000182e3e7ced0, 0x00000182e3e7c1b0, 0x00000182e3e7d560,
0x00000182e3e7b490, 0x00000182e3e7bb20, 0x00000182e3e7dbf0, 0x00000182e3376c00,
0x00000182e337b6f0
}

Java Threads: ( => current thread )
  0x00000182ffa977f0 JavaThread "Reference Handler"          daemon [_thread_blocked, id=40644, stack(0x00000059cc200000,0x00000059cc300000) (1024K)]
  0x00000182ffa98b80 JavaThread "Finalizer"                  daemon [_thread_blocked, id=41576, stack(0x00000059cc300000,0x00000059cc400000) (1024K)]
  0x00000182ffa9b3e0 JavaThread "Signal Dispatcher"          daemon [_thread_blocked, id=44572, stack(0x00000059cc400000,0x00000059cc500000) (1024K)]
  0x00000182ffa9be00 JavaThread "Attach Listener"            daemon [_thread_blocked, id=42500, stack(0x00000059cc500000,0x00000059cc600000) (1024K)]
  0x00000182ffaa12d0 JavaThread "Service Thread"             daemon [_thread_blocked, id=36992, stack(0x00000059cc600000,0x00000059cc700000) (1024K)]
  0x00000182ffaac040 JavaThread "Monitor Deflation Thread"   daemon [_thread_blocked, id=40972, stack(0x00000059cc700000,0x00000059cc800000) (1024K)]
  0x00000182ffab6500 JavaThread "C2 CompilerThread0"         daemon [_thread_in_native, id=44172, stack(0x00000059cc800000,0x00000059cc900000) (1024K)]
  0x000001829b3e0090 JavaThread "C1 CompilerThread0"         daemon [_thread_blocked, id=4772, stack(0x00000059cc900000,0x00000059cca00000) (1024K)]
  0x000001829b4a20f0 JavaThread "Common-Cleaner"             daemon [_thread_blocked, id=40780, stack(0x00000059cca00000,0x00000059ccb00000) (1024K)]
  0x000001829b778f40 JavaThread "Monitor Ctrl-Break"         daemon [_thread_in_native, id=29648, stack(0x00000059ccd00000,0x00000059cce00000) (1024K)]
  0x000001829b7795b0 JavaThread "Notification Thread"        daemon [_thread_blocked, id=10276, stack(0x00000059cce00000,0x00000059ccf00000) (1024K)]
  0x00000182e3350120 JavaThread "Catalina-utility-1"                [_thread_blocked, id=37732, stack(0x00000059cdc00000,0x00000059cdd00000) (1024K)]
  0x00000182e334e050 JavaThread "Catalina-utility-2"                [_thread_blocked, id=44368, stack(0x00000059cdd00000,0x00000059cde00000) (1024K)]
  0x00000182e334cca0 JavaThread "container-0"                       [_thread_blocked, id=37856, stack(0x00000059cde00000,0x00000059cdf00000) (1024K)]
  0x00000182e334e6e0 JavaThread "mysql-cj-abandoned-connection-cleanup" daemon [_thread_blocked, id=33208, stack(0x00000059cdf00000,0x00000059ce000000) (1024K)]
  0x00000182e334f400 JavaThread "HikariPool-1 housekeeper"   daemon [_thread_blocked, id=38512, stack(0x00000059ce100000,0x00000059ce200000) (1024K)]
  0x00000182e2faa050 JavaThread "File Watcher"               daemon [_thread_blocked, id=16548, stack(0x00000059ce300000,0x00000059ce400000) (1024K)]
  0x00000182e2fa8610 JavaThread "Live Reload Server"         daemon [_thread_in_native, id=43288, stack(0x00000059ce500000,0x00000059ce600000) (1024K)]
  0x00000182e2fa8ca0 JavaThread "http-nio-8080-exec-1"       daemon [_thread_blocked, id=44832, stack(0x00000059ce400000,0x00000059ce500000) (1024K)]
  0x00000182e2faa6e0 JavaThread "http-nio-8080-exec-2"       daemon [_thread_blocked, id=40708, stack(0x00000059ce600000,0x00000059ce700000) (1024K)]
  0x00000182e2fab400 JavaThread "http-nio-8080-exec-3"       daemon [_thread_blocked, id=39464, stack(0x00000059ce700000,0x00000059ce800000) (1024K)]
  0x00000182e2fa7f80 JavaThread "http-nio-8080-exec-4"       daemon [_thread_blocked, id=40152, stack(0x00000059ce800000,0x00000059ce900000) (1024K)]
  0x00000182e334ed70 JavaThread "http-nio-8080-exec-5"       daemon [_thread_blocked, id=41688, stack(0x00000059ce900000,0x00000059cea00000) (1024K)]
  0x00000182e3e7a0e0 JavaThread "http-nio-8080-exec-6"       daemon [_thread_blocked, id=39448, stack(0x00000059cea00000,0x00000059ceb00000) (1024K)]
  0x00000182e3e7c840 JavaThread "http-nio-8080-exec-7"       daemon [_thread_blocked, id=40632, stack(0x00000059ceb00000,0x00000059cec00000) (1024K)]
  0x00000182e3e7ced0 JavaThread "http-nio-8080-exec-8"       daemon [_thread_blocked, id=44580, stack(0x00000059cec00000,0x00000059ced00000) (1024K)]
  0x00000182e3e7c1b0 JavaThread "http-nio-8080-exec-9"       daemon [_thread_blocked, id=40424, stack(0x00000059ced00000,0x00000059cee00000) (1024K)]
  0x00000182e3e7d560 JavaThread "http-nio-8080-exec-10"      daemon [_thread_blocked, id=41828, stack(0x00000059cee00000,0x00000059cef00000) (1024K)]
  0x00000182e3e7b490 JavaThread "http-nio-8080-Poller"       daemon [_thread_in_native, id=35160, stack(0x00000059cef00000,0x00000059cf000000) (1024K)]
  0x00000182e3e7bb20 JavaThread "http-nio-8080-Acceptor"     daemon [_thread_in_native, id=31564, stack(0x00000059cf000000,0x00000059cf100000) (1024K)]
  0x00000182e3e7dbf0 JavaThread "DestroyJavaVM"                     [_thread_blocked, id=11656, stack(0x00000059cba00000,0x00000059cbb00000) (1024K)]
=>0x00000182e3376c00 JavaThread "C2 CompilerThread1"         daemon [_thread_in_native, id=43380, stack(0x00000059cb700000,0x00000059cb800000) (1024K)]
  0x00000182e337b6f0 JavaThread "C2 CompilerThread2"         daemon [_thread_in_native, id=40520, stack(0x00000059cb800000,0x00000059cb900000) (1024K)]
Total: 33

Other Threads:
  0x00000182ffa785c0 VMThread "VM Thread"                           [id=42484, stack(0x00000059cc100000,0x00000059cc200000) (1024K)]
  0x00000182ffa66af0 WatcherThread "VM Periodic Task Thread"        [id=3292, stack(0x00000059cc000000,0x00000059cc100000) (1024K)]
  0x00000182fb885530 WorkerThread "GC Thread#0"                     [id=35168, stack(0x00000059cbb00000,0x00000059cbc00000) (1024K)]
  0x00000182e10ba1f0 WorkerThread "GC Thread#1"                     [id=43772, stack(0x00000059cd100000,0x00000059cd200000) (1024K)]
  0x00000182e10ba5a0 WorkerThread "GC Thread#2"                     [id=40304, stack(0x00000059cd200000,0x00000059cd300000) (1024K)]
  0x00000182e107eed0 WorkerThread "GC Thread#3"                     [id=18572, stack(0x00000059cd300000,0x00000059cd400000) (1024K)]
  0x00000182e107f280 WorkerThread "GC Thread#4"                     [id=42384, stack(0x00000059cd400000,0x00000059cd500000) (1024K)]
  0x00000182e107fab0 WorkerThread "GC Thread#5"                     [id=38020, stack(0x00000059cd500000,0x00000059cd600000) (1024K)]
  0x00000182e12d47f0 WorkerThread "GC Thread#6"                     [id=36372, stack(0x00000059cd700000,0x00000059cd800000) (1024K)]
  0x00000182e12d4ba0 WorkerThread "GC Thread#7"                     [id=7696, stack(0x00000059cd800000,0x00000059cd900000) (1024K)]
  0x00000182e12d4f50 WorkerThread "GC Thread#8"                     [id=6156, stack(0x00000059cd900000,0x00000059cda00000) (1024K)]
  0x00000182e1fcc250 WorkerThread "GC Thread#9"                     [id=40804, stack(0x00000059cd600000,0x00000059cd700000) (1024K)]
  0x00000182fb899690 ConcurrentGCThread "G1 Main Marker"            [id=35656, stack(0x00000059cbc00000,0x00000059cbd00000) (1024K)]
  0x00000182fb89dd90 WorkerThread "G1 Conc#0"                       [id=38148, stack(0x00000059cbd00000,0x00000059cbe00000) (1024K)]
  0x00000182e1fcc600 WorkerThread "G1 Conc#1"                       [id=42828, stack(0x00000059cda00000,0x00000059cdb00000) (1024K)]
  0x00000182e1fc9610 WorkerThread "G1 Conc#2"                       [id=44052, stack(0x00000059cdb00000,0x00000059cdc00000) (1024K)]
  0x00000182ff9392d0 ConcurrentGCThread "G1 Refine#0"               [id=40444, stack(0x00000059cbe00000,0x00000059cbf00000) (1024K)]
  0x00000182ff939710 ConcurrentGCThread "G1 Service"                [id=10848, stack(0x00000059cbf00000,0x00000059cc000000) (1024K)]
Total: 18

Threads with active compile tasks:
C2 CompilerThread0  191166 7672   !   4       org.apache.catalina.connector.CoyoteOutputStream::write (43 bytes)
C2 CompilerThread1  191166 7671       4       org.apache.catalina.connector.OutputBuffer::append (70 bytes)
C2 CompilerThread2  191166 7673       4       org.apache.catalina.connector.OutputBuffer::writeBytes (38 bytes)
Total: 3

VM state: not at safepoint (normal execution)

VM Mutex/Monitor currently owned by a thread: None

Heap address: 0x000000070b200000, size: 3918 MB, Compressed Oops mode: Zero based, Oop shift amount: 3

CDS archive(s) mapped at: [0x000001829c000000-0x000001829cd70000-0x000001829cd70000), size 14090240, SharedBaseAddress: 0x000001829c000000, ArchiveRelocationMode: 1.
Compressed class space mapped at: 0x000001829d000000-0x00000182dd000000, reserved size: 1073741824
Narrow klass base: 0x000001829c000000, Narrow klass shift: 0, Narrow klass range: 0x41000000

GC Precious Log:
 CardTable entry size: 512
 Card Set container configuration: InlinePtr #cards 4 size 8 Array Of Cards #cards 16 size 48 Howl #buckets 8 coarsen threshold 3686 Howl Bitmap #cards 512 size 80 coarsen threshold 460 Card regions per heap region 1 cards per card region 4096
 CPUs: 12 total, 12 available
 Memory: 15668M
 Large Page Support: Disabled
 NUMA Support: Disabled
 Compressed Oops: Enabled (Zero based)
 Heap Region Size: 2M
 Heap Min Capacity: 8M
 Heap Initial Capacity: 246M
 Heap Max Capacity: 3918M
 Pre-touch: Disabled
 Parallel Workers: 10
 Concurrent Workers: 3
 Concurrent Refinement Workers: 10
 Periodic GC: Disabled

Heap:
 garbage-first heap   total reserved 4012032K, committed 153600K, used 43170K [0x000000070b200000, 0x0000000800000000)
  region size 2048K, 10 young (20480K), 5 survivors (10240K)
 Metaspace       used 72793K, committed 73600K, reserved 1114112K
  class space    used 10059K, committed 10432K, reserved 1048576K

Heap Regions: E=young(eden), S=young(survivor), O=old, HS=humongous(starts), HC=humongous(continues), CS=collection set, F=free, TAMS=top-at-mark-start, PB=parsable bottom
|   0|0x000000070b200000, 0x000000070b400000, 0x000000070b400000|100%| O|  |TAMS 0x000000070b200000| PB 0x000000070b200000| Untracked |  0
|   1|0x000000070b400000, 0x000000070b600000, 0x000000070b600000|100%| O|  |TAMS 0x000000070b400000| PB 0x000000070b400000| Untracked |  0
|   2|0x000000070b600000, 0x000000070b800000, 0x000000070b800000|100%| O|  |TAMS 0x000000070b600000| PB 0x000000070b600000| Untracked |  0
|   3|0x000000070b800000, 0x000000070ba00000, 0x000000070ba00000|100%| O|  |TAMS 0x000000070b800000| PB 0x000000070b800000| Untracked |  0
|   4|0x000000070ba00000, 0x000000070bc00000, 0x000000070bc00000|100%| O|  |TAMS 0x000000070ba00000| PB 0x000000070ba00000| Untracked |  0
|   5|0x000000070bc00000, 0x000000070be00000, 0x000000070be00000|100%| O|  |TAMS 0x000000070bc00000| PB 0x000000070bc00000| Untracked |  0
|   6|0x000000070be00000, 0x000000070c000000, 0x000000070c000000|100%| O|  |TAMS 0x000000070be00000| PB 0x000000070be00000| Untracked |  0
|   7|0x000000070c000000, 0x000000070c200000, 0x000000070c200000|100%| O|  |TAMS 0x000000070c000000| PB 0x000000070c000000| Untracked |  0
|   8|0x000000070c200000, 0x000000070c200000, 0x000000070c400000|  0%| F|  |TAMS 0x000000070c200000| PB 0x000000070c200000| Untracked |  0
|   9|0x000000070c400000, 0x000000070c600000, 0x000000070c600000|100%| O|  |TAMS 0x000000070c400000| PB 0x000000070c400000| Untracked |  0
|  10|0x000000070c600000, 0x000000070c800000, 0x000000070c800000|100%| O|  |TAMS 0x000000070c600000| PB 0x000000070c600000| Untracked |  0
|  11|0x000000070c800000, 0x000000070ca00000, 0x000000070ca00000|100%| O|  |TAMS 0x000000070c800000| PB 0x000000070c800000| Untracked |  0
|  12|0x000000070ca00000, 0x000000070cc00000, 0x000000070cc00000|100%| O|  |TAMS 0x000000070ca00000| PB 0x000000070ca00000| Untracked |  0
|  13|0x000000070cc00000, 0x000000070cccced0, 0x000000070ce00000| 40%| O|  |TAMS 0x000000070cc00000| PB 0x000000070cc00000| Untracked |  0
|  14|0x000000070ce00000, 0x000000070ce00000, 0x000000070d000000|  0%| F|  |TAMS 0x000000070ce00000| PB 0x000000070ce00000| Untracked |  0
|  15|0x000000070d000000, 0x000000070d000000, 0x000000070d200000|  0%| F|  |TAMS 0x000000070d000000| PB 0x000000070d000000| Untracked |  0
|  16|0x000000070d200000, 0x000000070d200000, 0x000000070d400000|  0%| F|  |TAMS 0x000000070d200000| PB 0x000000070d200000| Untracked |  0
|  17|0x000000070d400000, 0x000000070d400000, 0x000000070d600000|  0%| F|  |TAMS 0x000000070d400000| PB 0x000000070d400000| Untracked |  0
|  18|0x000000070d600000, 0x000000070d600000, 0x000000070d800000|  0%| F|  |TAMS 0x000000070d600000| PB 0x000000070d600000| Untracked |  0
|  19|0x000000070d800000, 0x000000070d800000, 0x000000070da00000|  0%| F|  |TAMS 0x000000070d800000| PB 0x000000070d800000| Untracked |  0
|  20|0x000000070da00000, 0x000000070da00000, 0x000000070dc00000|  0%| F|  |TAMS 0x000000070da00000| PB 0x000000070da00000| Untracked |  0
|  21|0x000000070dc00000, 0x000000070dc00000, 0x000000070de00000|  0%| F|  |TAMS 0x000000070dc00000| PB 0x000000070dc00000| Untracked |  0
|  22|0x000000070de00000, 0x000000070de00000, 0x000000070e000000|  0%| F|  |TAMS 0x000000070de00000| PB 0x000000070de00000| Untracked |  0
|  23|0x000000070e000000, 0x000000070e000000, 0x000000070e200000|  0%| F|  |TAMS 0x000000070e000000| PB 0x000000070e000000| Untracked |  0
|  24|0x000000070e200000, 0x000000070e200000, 0x000000070e400000|  0%| F|  |TAMS 0x000000070e200000| PB 0x000000070e200000| Untracked |  0
|  25|0x000000070e400000, 0x000000070e400000, 0x000000070e600000|  0%| F|  |TAMS 0x000000070e400000| PB 0x000000070e400000| Untracked |  0
|  26|0x000000070e600000, 0x000000070e600000, 0x000000070e800000|  0%| F|  |TAMS 0x000000070e600000| PB 0x000000070e600000| Untracked |  0
|  27|0x000000070e800000, 0x000000070e95ba60, 0x000000070ea00000| 67%| S|CS|TAMS 0x000000070e800000| PB 0x000000070e800000| Complete |  0
|  28|0x000000070ea00000, 0x000000070ec00000, 0x000000070ec00000|100%| S|CS|TAMS 0x000000070ea00000| PB 0x000000070ea00000| Complete |  0
|  29|0x000000070ec00000, 0x000000070ee00000, 0x000000070ee00000|100%| S|CS|TAMS 0x000000070ec00000| PB 0x000000070ec00000| Complete |  0
|  30|0x000000070ee00000, 0x000000070f000000, 0x000000070f000000|100%| S|CS|TAMS 0x000000070ee00000| PB 0x000000070ee00000| Complete |  0
|  31|0x000000070f000000, 0x000000070f200000, 0x000000070f200000|100%| S|CS|TAMS 0x000000070f000000| PB 0x000000070f000000| Complete |  0
|  32|0x000000070f200000, 0x000000070f200000, 0x000000070f400000|  0%| F|  |TAMS 0x000000070f200000| PB 0x000000070f200000| Untracked |  0
|  33|0x000000070f400000, 0x000000070f400000, 0x000000070f600000|  0%| F|  |TAMS 0x000000070f400000| PB 0x000000070f400000| Untracked |  0
|  34|0x000000070f600000, 0x000000070f600000, 0x000000070f800000|  0%| F|  |TAMS 0x000000070f600000| PB 0x000000070f600000| Untracked |  0
|  35|0x000000070f800000, 0x000000070f800000, 0x000000070fa00000|  0%| F|  |TAMS 0x000000070f800000| PB 0x000000070f800000| Untracked |  0
|  36|0x000000070fa00000, 0x000000070fa00000, 0x000000070fc00000|  0%| F|  |TAMS 0x000000070fa00000| PB 0x000000070fa00000| Untracked |  0
|  37|0x000000070fc00000, 0x000000070fc00000, 0x000000070fe00000|  0%| F|  |TAMS 0x000000070fc00000| PB 0x000000070fc00000| Untracked |  0
|  38|0x000000070fe00000, 0x000000070fe00000, 0x0000000710000000|  0%| F|  |TAMS 0x000000070fe00000| PB 0x000000070fe00000| Untracked |  0
|  39|0x0000000710000000, 0x0000000710000000, 0x0000000710200000|  0%| F|  |TAMS 0x0000000710000000| PB 0x0000000710000000| Untracked |  0
|  40|0x0000000710200000, 0x0000000710200000, 0x0000000710400000|  0%| F|  |TAMS 0x0000000710200000| PB 0x0000000710200000| Untracked |  0
|  41|0x0000000710400000, 0x0000000710400000, 0x0000000710600000|  0%| F|  |TAMS 0x0000000710400000| PB 0x0000000710400000| Untracked |  0
|  42|0x0000000710600000, 0x0000000710600000, 0x0000000710800000|  0%| F|  |TAMS 0x0000000710600000| PB 0x0000000710600000| Untracked |  0
|  43|0x0000000710800000, 0x0000000710800000, 0x0000000710a00000|  0%| F|  |TAMS 0x0000000710800000| PB 0x0000000710800000| Untracked |  0
|  44|0x0000000710a00000, 0x0000000710a00000, 0x0000000710c00000|  0%| F|  |TAMS 0x0000000710a00000| PB 0x0000000710a00000| Untracked |  0
|  45|0x0000000710c00000, 0x0000000710c00000, 0x0000000710e00000|  0%| F|  |TAMS 0x0000000710c00000| PB 0x0000000710c00000| Untracked |  0
|  46|0x0000000710e00000, 0x0000000710e00000, 0x0000000711000000|  0%| F|  |TAMS 0x0000000710e00000| PB 0x0000000710e00000| Untracked |  0
|  47|0x0000000711000000, 0x0000000711000000, 0x0000000711200000|  0%| F|  |TAMS 0x0000000711000000| PB 0x0000000711000000| Untracked |  0
|  48|0x0000000711200000, 0x0000000711200000, 0x0000000711400000|  0%| F|  |TAMS 0x0000000711200000| PB 0x0000000711200000| Untracked |  0
|  49|0x0000000711400000, 0x0000000711400000, 0x0000000711600000|  0%| F|  |TAMS 0x0000000711400000| PB 0x0000000711400000| Untracked |  0
|  50|0x0000000711600000, 0x0000000711600000, 0x0000000711800000|  0%| F|  |TAMS 0x0000000711600000| PB 0x0000000711600000| Untracked |  0
|  51|0x0000000711800000, 0x0000000711800000, 0x0000000711a00000|  0%| F|  |TAMS 0x0000000711800000| PB 0x0000000711800000| Untracked |  0
|  52|0x0000000711a00000, 0x0000000711a00000, 0x0000000711c00000|  0%| F|  |TAMS 0x0000000711a00000| PB 0x0000000711a00000| Untracked |  0
|  53|0x0000000711c00000, 0x0000000711c00000, 0x0000000711e00000|  0%| F|  |TAMS 0x0000000711c00000| PB 0x0000000711c00000| Untracked |  0
|  54|0x0000000711e00000, 0x0000000711e00000, 0x0000000712000000|  0%| F|  |TAMS 0x0000000711e00000| PB 0x0000000711e00000| Untracked |  0
|  55|0x0000000712000000, 0x0000000712000000, 0x0000000712200000|  0%| F|  |TAMS 0x0000000712000000| PB 0x0000000712000000| Untracked |  0
|  56|0x0000000712200000, 0x0000000712200000, 0x0000000712400000|  0%| F|  |TAMS 0x0000000712200000| PB 0x0000000712200000| Untracked |  0
|  57|0x0000000712400000, 0x0000000712400000, 0x0000000712600000|  0%| F|  |TAMS 0x0000000712400000| PB 0x0000000712400000| Untracked |  0
|  58|0x0000000712600000, 0x0000000712600000, 0x0000000712800000|  0%| F|  |TAMS 0x0000000712600000| PB 0x0000000712600000| Untracked |  0
|  59|0x0000000712800000, 0x0000000712800000, 0x0000000712a00000|  0%| F|  |TAMS 0x0000000712800000| PB 0x0000000712800000| Untracked |  0
|  60|0x0000000712a00000, 0x0000000712a00000, 0x0000000712c00000|  0%| F|  |TAMS 0x0000000712a00000| PB 0x0000000712a00000| Untracked |  0
|  61|0x0000000712c00000, 0x0000000712c00000, 0x0000000712e00000|  0%| F|  |TAMS 0x0000000712c00000| PB 0x0000000712c00000| Untracked |  0
|  62|0x0000000712e00000, 0x0000000712e00000, 0x0000000713000000|  0%| F|  |TAMS 0x0000000712e00000| PB 0x0000000712e00000| Untracked |  0
|  63|0x0000000713000000, 0x0000000713000000, 0x0000000713200000|  0%| F|  |TAMS 0x0000000713000000| PB 0x0000000713000000| Untracked |  0
|  64|0x0000000713200000, 0x0000000713200000, 0x0000000713400000|  0%| F|  |TAMS 0x0000000713200000| PB 0x0000000713200000| Untracked |  0
|  65|0x0000000713400000, 0x0000000713400000, 0x0000000713600000|  0%| F|  |TAMS 0x0000000713400000| PB 0x0000000713400000| Untracked |  0
|  66|0x0000000713600000, 0x0000000713600000, 0x0000000713800000|  0%| F|  |TAMS 0x0000000713600000| PB 0x0000000713600000| Untracked |  0
|  67|0x0000000713800000, 0x0000000713800000, 0x0000000713a00000|  0%| F|  |TAMS 0x0000000713800000| PB 0x0000000713800000| Untracked |  0
|  68|0x0000000713a00000, 0x0000000713a00000, 0x0000000713c00000|  0%| F|  |TAMS 0x0000000713a00000| PB 0x0000000713a00000| Untracked |  0
|  69|0x0000000713c00000, 0x0000000713c00000, 0x0000000713e00000|  0%| F|  |TAMS 0x0000000713c00000| PB 0x0000000713c00000| Untracked |  0
|  92|0x0000000716a00000, 0x0000000716c00000, 0x0000000716c00000|100%| E|  |TAMS 0x0000000716a00000| PB 0x0000000716a00000| Complete |  0
|  93|0x0000000716c00000, 0x0000000716e00000, 0x0000000716e00000|100%| E|CS|TAMS 0x0000000716c00000| PB 0x0000000716c00000| Complete |  0
|  94|0x0000000716e00000, 0x0000000717000000, 0x0000000717000000|100%| E|CS|TAMS 0x0000000716e00000| PB 0x0000000716e00000| Complete |  0
|  95|0x0000000717000000, 0x0000000717200000, 0x0000000717200000|100%| E|CS|TAMS 0x0000000717000000| PB 0x0000000717000000| Complete |  0
| 122|0x000000071a600000, 0x000000071a800000, 0x000000071a800000|100%| E|CS|TAMS 0x000000071a600000| PB 0x000000071a600000| Complete |  0

Card table byte_map: [0x00000182fc6e0000,0x00000182fce90000] _byte_map_base: 0x00000182f8e87000

Marking Bits: (CMBitMap*) 0x00000182fb885b50
 Bits: [0x0000018297670000, 0x000001829b3a8000)

Polling page: 0x00000182f95e0000

Metaspace:

Usage:
  Non-class:     61.26 MB used.
      Class:      9.82 MB used.
       Both:     71.09 MB used.

Virtual space:
  Non-class space:       64.00 MB reserved,      61.69 MB ( 96%) committed,  1 nodes.
      Class space:        1.00 GB reserved,      10.19 MB ( <1%) committed,  1 nodes.
             Both:        1.06 GB reserved,      71.88 MB (  7%) committed. 

Chunk freelists:
   Non-Class:  2.20 MB
       Class:  5.75 MB
        Both:  7.95 MB

MaxMetaspaceSize: unlimited
CompressedClassSpaceSize: 1.00 GB
Initial GC threshold: 21.00 MB
Current GC threshold: 98.75 MB
CDS: on
 - commit_granule_bytes: 65536.
 - commit_granule_words: 8192.
 - virtual_space_node_default_size: 8388608.
 - enlarge_chunks_in_place: 1.
 - use_allocation_guard: 0.


Internal statistics:

num_allocs_failed_limit: 9.
num_arena_births: 1080.
num_arena_deaths: 0.
num_vsnodes_births: 2.
num_vsnodes_deaths: 0.
num_space_committed: 1150.
num_space_uncommitted: 0.
num_chunks_returned_to_freelist: 9.
num_chunks_taken_from_freelist: 3772.
num_chunk_merges: 9.
num_chunk_splits: 2675.
num_chunks_enlarged: 1989.
num_inconsistent_stats: 0.

CodeHeap 'non-profiled nmethods': size=120064Kb used=3655Kb max_used=3655Kb free=116408Kb
 bounds [0x0000018290130000, 0x00000182904d0000, 0x0000018297670000]
CodeHeap 'profiled nmethods': size=120000Kb used=10507Kb max_used=10507Kb free=109493Kb
 bounds [0x0000018288670000, 0x00000182890c0000, 0x000001828fba0000]
CodeHeap 'non-nmethods': size=5696Kb used=1700Kb max_used=1753Kb free=3995Kb
 bounds [0x000001828fba0000, 0x000001828fe10000, 0x0000018290130000]
CodeCache: size=245760Kb, used=15862Kb, max_used=15915Kb, free=229896Kb
 total_blobs=7682, nmethods=6932, adapters=654, full_count=0
Compilation: enabled, stopped_count=0, restarted_count=0

Compilation events (20 events):
Event: 191.002 Thread 0x000001829b3e0090 nmethod 7663 0x00000182890b1c88 code [0x00000182890b1dc0, 0x00000182890b2070]
Event: 191.002 Thread 0x000001829b3e0090 7664       3       org.springframework.util.MultiValueMapAdapter::getFirst (33 bytes)
Event: 191.002 Thread 0x000001829b3e0090 nmethod 7664 0x00000182890b2088 code [0x00000182890b2200, 0x00000182890b27c0]
Event: 191.002 Thread 0x000001829b3e0090 7662       3       java.net.URI::getSchemeSpecificPart (24 bytes)
Event: 191.002 Thread 0x000001829b3e0090 nmethod 7662 0x00000182890b2808 code [0x00000182890b2940, 0x00000182890b2bb8]
Event: 191.022 Thread 0x00000182ffab6500 7665       4       org.apache.catalina.connector.CoyoteOutputStream::checkNonBlockingWrite (48 bytes)
Event: 191.023 Thread 0x00000182e3376c00 7666       4       java.io.FilterInputStream::read (9 bytes)
Event: 191.023 Thread 0x00000182e337b6f0 7667       4       java.nio.ByteBuffer::rewind (5 bytes)
Event: 191.024 Thread 0x00000182ffab6500 nmethod 7665 0x00000182904bf588 code [0x00000182904bf6a0, 0x00000182904bf798]
Event: 191.024 Thread 0x00000182e337b6f0 nmethod 7667 0x00000182904bf888 code [0x00000182904bf980, 0x00000182904bfa28]
Event: 191.029 Thread 0x00000182e3376c00 nmethod 7666 0x00000182904bfb88 code [0x00000182904bfd00, 0x00000182904c0288]
Event: 191.031 Thread 0x00000182e337b6f0 7668   !   4       org.apache.catalina.connector.OutputBuffer::realWriteBytes (45 bytes)
Event: 191.032 Thread 0x00000182e3376c00 7669       4       org.apache.coyote.http11.Http11OutputBuffer::doWrite (56 bytes)
Event: 191.032 Thread 0x00000182ffab6500 7670       4       org.apache.coyote.Response::doWrite (33 bytes)
Event: 191.036 Thread 0x00000182e3376c00 nmethod 7669 0x00000182904c0388 code [0x00000182904c0520, 0x00000182904c09e8]
Event: 191.037 Thread 0x00000182e3376c00 7671       4       org.apache.catalina.connector.OutputBuffer::append (70 bytes)
Event: 191.038 Thread 0x00000182ffab6500 nmethod 7670 0x00000182904c0a88 code [0x00000182904c0c40, 0x00000182904c1218]
Event: 191.038 Thread 0x00000182ffab6500 7672   !   4       org.apache.catalina.connector.CoyoteOutputStream::write (43 bytes)
Event: 191.039 Thread 0x00000182e337b6f0 nmethod 7668 0x00000182904c1288 code [0x00000182904c1460, 0x00000182904c1c18]
Event: 191.040 Thread 0x00000182e337b6f0 7673       4       org.apache.catalina.connector.OutputBuffer::writeBytes (38 bytes)

GC Heap History (20 events):
Event: 2.551 GC heap before
{Heap before GC invocations=5 (full 0):
 garbage-first heap   total reserved 4012032K, committed 55296K, used 35596K [0x000000070b200000, 0x0000000800000000)
  region size 2048K, 12 young (24576K), 2 survivors (4096K)
 Metaspace       used 28449K, committed 28928K, reserved 1114112K
  class space    used 3688K, committed 3904K, reserved 1048576K
}
Event: 2.554 GC heap after
{Heap after GC invocations=6 (full 0):
 garbage-first heap   total reserved 4012032K, committed 55296K, used 16824K [0x000000070b200000, 0x0000000800000000)
  region size 2048K, 2 young (4096K), 2 survivors (4096K)
 Metaspace       used 28449K, committed 28928K, reserved 1114112K
  class space    used 3688K, committed 3904K, reserved 1048576K
}
Event: 2.946 GC heap before
{Heap before GC invocations=6 (full 0):
 garbage-first heap   total reserved 4012032K, committed 55296K, used 37304K [0x000000070b200000, 0x0000000800000000)
  region size 2048K, 13 young (26624K), 2 survivors (4096K)
 Metaspace       used 31722K, committed 32192K, reserved 1114112K
  class space    used 4112K, committed 4288K, reserved 1048576K
}
Event: 2.950 GC heap after
{Heap after GC invocations=7 (full 0):
 garbage-first heap   total reserved 4012032K, committed 55296K, used 18585K [0x000000070b200000, 0x0000000800000000)
  region size 2048K, 1 young (2048K), 1 survivors (2048K)
 Metaspace       used 31722K, committed 32192K, reserved 1114112K
  class space    used 4112K, committed 4288K, reserved 1048576K
}
Event: 3.195 GC heap before
{Heap before GC invocations=7 (full 0):
 garbage-first heap   total reserved 4012032K, committed 55296K, used 30873K [0x000000070b200000, 0x0000000800000000)
  region size 2048K, 8 young (16384K), 1 survivors (2048K)
 Metaspace       used 35633K, committed 36096K, reserved 1114112K
  class space    used 4678K, committed 4864K, reserved 1048576K
}
Event: 3.196 GC heap after
{Heap after GC invocations=8 (full 0):
 garbage-first heap   total reserved 4012032K, committed 55296K, used 19102K [0x000000070b200000, 0x0000000800000000)
  region size 2048K, 2 young (4096K), 2 survivors (4096K)
 Metaspace       used 35633K, committed 36096K, reserved 1114112K
  class space    used 4678K, committed 4864K, reserved 1048576K
}
Event: 3.619 GC heap before
{Heap before GC invocations=9 (full 0):
 garbage-first heap   total reserved 4012032K, committed 55296K, used 41630K [0x000000070b200000, 0x0000000800000000)
  region size 2048K, 13 young (26624K), 2 survivors (4096K)
 Metaspace       used 42104K, committed 42688K, reserved 1114112K
  class space    used 5619K, committed 5888K, reserved 1048576K
}
Event: 3.622 GC heap after
{Heap after GC invocations=10 (full 0):
 garbage-first heap   total reserved 4012032K, committed 55296K, used 21153K [0x000000070b200000, 0x0000000800000000)
  region size 2048K, 2 young (4096K), 2 survivors (4096K)
 Metaspace       used 42104K, committed 42688K, reserved 1114112K
  class space    used 5619K, committed 5888K, reserved 1048576K
}
Event: 3.940 GC heap before
{Heap before GC invocations=10 (full 0):
 garbage-first heap   total reserved 4012032K, committed 55296K, used 41633K [0x000000070b200000, 0x0000000800000000)
  region size 2048K, 13 young (26624K), 2 survivors (4096K)
 Metaspace       used 48627K, committed 49152K, reserved 1114112K
  class space    used 6584K, committed 6784K, reserved 1048576K
}
Event: 3.943 GC heap after
{Heap after GC invocations=11 (full 0):
 garbage-first heap   total reserved 4012032K, committed 55296K, used 22542K [0x000000070b200000, 0x0000000800000000)
  region size 2048K, 2 young (4096K), 2 survivors (4096K)
 Metaspace       used 48627K, committed 49152K, reserved 1114112K
  class space    used 6584K, committed 6784K, reserved 1048576K
}
Event: 4.330 GC heap before
{Heap before GC invocations=11 (full 0):
 garbage-first heap   total reserved 4012032K, committed 55296K, used 43022K [0x000000070b200000, 0x0000000800000000)
  region size 2048K, 13 young (26624K), 2 survivors (4096K)
 Metaspace       used 55111K, committed 55680K, reserved 1114112K
  class space    used 7614K, committed 7872K, reserved 1048576K
}
Event: 4.333 GC heap after
{Heap after GC invocations=12 (full 0):
 garbage-first heap   total reserved 4012032K, committed 55296K, used 23945K [0x000000070b200000, 0x0000000800000000)
  region size 2048K, 2 young (4096K), 2 survivors (4096K)
 Metaspace       used 55111K, committed 55680K, reserved 1114112K
  class space    used 7614K, committed 7872K, reserved 1048576K
}
Event: 4.696 GC heap before
{Heap before GC invocations=12 (full 0):
 garbage-first heap   total reserved 4012032K, committed 55296K, used 44425K [0x000000070b200000, 0x0000000800000000)
  region size 2048K, 12 young (24576K), 2 survivors (4096K)
 Metaspace       used 59159K, committed 59776K, reserved 1114112K
  class space    used 8139K, committed 8448K, reserved 1048576K
}
Event: 4.700 GC heap after
{Heap after GC invocations=13 (full 0):
 garbage-first heap   total reserved 4012032K, committed 55296K, used 26180K [0x000000070b200000, 0x0000000800000000)
  region size 2048K, 2 young (4096K), 2 survivors (4096K)
 Metaspace       used 59159K, committed 59776K, reserved 1114112K
  class space    used 8139K, committed 8448K, reserved 1048576K
}
Event: 4.813 GC heap before
{Heap before GC invocations=13 (full 0):
 garbage-first heap   total reserved 4012032K, committed 55296K, used 30276K [0x000000070b200000, 0x0000000800000000)
  region size 2048K, 5 young (10240K), 2 survivors (4096K)
 Metaspace       used 59915K, committed 60480K, reserved 1114112K
  class space    used 8255K, committed 8512K, reserved 1048576K
}
Event: 4.816 GC heap after
{Heap after GC invocations=14 (full 0):
 garbage-first heap   total reserved 4012032K, committed 55296K, used 26701K [0x000000070b200000, 0x0000000800000000)
  region size 2048K, 1 young (2048K), 1 survivors (2048K)
 Metaspace       used 59915K, committed 60480K, reserved 1114112K
  class space    used 8255K, committed 8512K, reserved 1048576K
}
Event: 5.225 GC heap before
{Heap before GC invocations=15 (full 0):
 garbage-first heap   total reserved 4012032K, committed 55296K, used 47181K [0x000000070b200000, 0x0000000800000000)
  region size 2048K, 11 young (22528K), 1 survivors (2048K)
 Metaspace       used 62358K, committed 62976K, reserved 1114112K
  class space    used 8695K, committed 8960K, reserved 1048576K
}
Event: 5.228 GC heap after
{Heap after GC invocations=16 (full 0):
 garbage-first heap   total reserved 4012032K, committed 153600K, used 28861K [0x000000070b200000, 0x0000000800000000)
  region size 2048K, 2 young (4096K), 2 survivors (4096K)
 Metaspace       used 62358K, committed 62976K, reserved 1114112K
  class space    used 8695K, committed 8960K, reserved 1048576K
}
Event: 180.359 GC heap before
{Heap before GC invocations=16 (full 0):
 garbage-first heap   total reserved 4012032K, committed 153600K, used 116925K [0x000000070b200000, 0x0000000800000000)
  region size 2048K, 45 young (92160K), 2 survivors (4096K)
 Metaspace       used 72242K, committed 72960K, reserved 1114112K
  class space    used 9994K, committed 10304K, reserved 1048576K
}
Event: 180.369 GC heap after
{Heap after GC invocations=17 (full 0):
 garbage-first heap   total reserved 4012032K, committed 153600K, used 34978K [0x000000070b200000, 0x0000000800000000)
  region size 2048K, 5 young (10240K), 5 survivors (10240K)
 Metaspace       used 72242K, committed 72960K, reserved 1114112K
  class space    used 9994K, committed 10304K, reserved 1048576K
}

Dll operation events (14 events):
Event: 0.015 Loaded shared library C:\Users\Juan Jose\.jdks\openjdk-23.0.2\bin\java.dll
Event: 0.048 Loaded shared library C:\Users\Juan Jose\.jdks\openjdk-23.0.2\bin\jsvml.dll
Event: 0.124 Loaded shared library C:\Users\Juan Jose\.jdks\openjdk-23.0.2\bin\zip.dll
Event: 0.127 Loaded shared library C:\Users\Juan Jose\.jdks\openjdk-23.0.2\bin\instrument.dll
Event: 0.132 Loaded shared library C:\Users\Juan Jose\.jdks\openjdk-23.0.2\bin\net.dll
Event: 0.134 Loaded shared library C:\Users\Juan Jose\.jdks\openjdk-23.0.2\bin\nio.dll
Event: 0.138 Loaded shared library C:\Users\Juan Jose\.jdks\openjdk-23.0.2\bin\zip.dll
Event: 0.206 Loaded shared library C:\Program Files\JetBrains\IntelliJ IDEA Community Edition 2024.1.4\bin\breakgen64.dll
Event: 0.217 Loaded shared library C:\Users\Juan Jose\.jdks\openjdk-23.0.2\bin\extnet.dll
Event: 0.241 Loaded shared library C:\Users\Juan Jose\.jdks\openjdk-23.0.2\bin\jimage.dll
Event: 0.509 Loaded shared library C:\Users\Juan Jose\.jdks\openjdk-23.0.2\bin\management.dll
Event: 0.511 Loaded shared library C:\Users\Juan Jose\.jdks\openjdk-23.0.2\bin\management_ext.dll
Event: 1.281 Loaded shared library C:\Users\Juan Jose\.jdks\openjdk-23.0.2\bin\sunmscapi.dll
Event: 3.189 Loaded shared library C:\Users\Juan Jose\.jdks\openjdk-23.0.2\bin\verify.dll

Deoptimization events (20 events):
Event: 180.329 Thread 0x00000182e334ed70 DEOPT PACKING pc=0x00000182890442e8 sp=0x00000059ce9fc620
Event: 180.329 Thread 0x00000182e334ed70 DEOPT UNPACKING pc=0x000001828fbf4b22 sp=0x00000059ce9fbb00 mode 0
Event: 180.330 Thread 0x00000182e334ed70 DEOPT PACKING pc=0x00000182890442e8 sp=0x00000059ce9fc620
Event: 180.330 Thread 0x00000182e334ed70 DEOPT UNPACKING pc=0x000001828fbf4b22 sp=0x00000059ce9fbb00 mode 0
Event: 180.349 Thread 0x00000182e334ed70 Uncommon trap: trap_request=0xffffff45 fr.pc=0x0000018290348988 relative=0x0000000000000b48
Event: 180.349 Thread 0x00000182e334ed70 Uncommon trap: reason=unstable_if action=reinterpret pc=0x0000018290348988 method=jdk.internal.classfile.impl.SplitConstantPool.internalAdd(Ljava/lang/classfile/constantpool/PoolEntry;I)Ljava/lang/classfile/constantpool/PoolEntry; @ 18 c2
Event: 180.349 Thread 0x00000182e334ed70 DEOPT PACKING pc=0x0000018290348988 sp=0x00000059ce9fb090
Event: 180.349 Thread 0x00000182e334ed70 DEOPT UNPACKING pc=0x000001828fbf4402 sp=0x00000059ce9fb058 mode 2
Event: 180.351 Thread 0x00000182e334ed70 Uncommon trap: trap_request=0xffffff45 fr.pc=0x000001829021599c relative=0x000000000000117c
Event: 180.351 Thread 0x00000182e334ed70 Uncommon trap: reason=unstable_if action=reinterpret pc=0x000001829021599c method=jdk.internal.classfile.impl.EntryMap.put(II)V @ 60 c2
Event: 180.351 Thread 0x00000182e334ed70 DEOPT PACKING pc=0x000001829021599c sp=0x00000059ce9fafe0
Event: 180.351 Thread 0x00000182e334ed70 DEOPT UNPACKING pc=0x000001828fbf4402 sp=0x00000059ce9fae48 mode 2
Event: 180.526 Thread 0x00000182e3e7ced0 DEOPT PACKING pc=0x0000018288f0326a sp=0x00000059cecfb0d0
Event: 180.526 Thread 0x00000182e3e7ced0 DEOPT UNPACKING pc=0x000001828fbf4b22 sp=0x00000059cecfa548 mode 0
Event: 180.526 Thread 0x00000182e3e7ced0 DEOPT PACKING pc=0x000001828901b2b5 sp=0x00000059cecfb200
Event: 180.526 Thread 0x00000182e3e7ced0 DEOPT UNPACKING pc=0x000001828fbf4b22 sp=0x00000059cecfa6b0 mode 0
Event: 180.670 Thread 0x00000182e2fa8ca0 Uncommon trap: trap_request=0xffffffc6 fr.pc=0x0000018290496770 relative=0x0000000000000810
Event: 180.670 Thread 0x00000182e2fa8ca0 Uncommon trap: reason=bimorphic_or_optimized_type_check action=maybe_recompile pc=0x0000018290496770 method=java.util.Collections$UnmodifiableMap$UnmodifiableEntrySet$1.next()Ljava/util/Map$Entry; @ 8 c2
Event: 180.670 Thread 0x00000182e2fa8ca0 DEOPT PACKING pc=0x0000018290496770 sp=0x00000059ce4fb710
Event: 180.670 Thread 0x00000182e2fa8ca0 DEOPT UNPACKING pc=0x000001828fbf4402 sp=0x00000059ce4fb678 mode 2

Classes loaded (20 events):
Event: 14.865 Loading class java/util/OptionalDouble
Event: 14.866 Loading class java/util/OptionalDouble done
Event: 14.866 Loading class java/util/OptionalLong
Event: 14.866 Loading class java/util/OptionalLong done
Event: 14.867 Loading class java/lang/Throwable$WrappedPrintWriter
Event: 14.867 Loading class java/lang/Throwable$PrintStreamOrWriter
Event: 14.867 Loading class java/lang/Throwable$PrintStreamOrWriter done
Event: 14.867 Loading class java/lang/Throwable$WrappedPrintWriter done
Event: 14.907 Loading class java/util/stream/LongStream
Event: 14.907 Loading class java/util/stream/LongStream done
Event: 14.907 Loading class java/util/stream/DoubleStream
Event: 14.907 Loading class java/util/stream/DoubleStream done
Event: 24.725 Loading class java/util/concurrent/locks/ReentrantReadWriteLock$Sync$HoldCounter
Event: 24.725 Loading class java/util/concurrent/locks/ReentrantReadWriteLock$Sync$HoldCounter done
Event: 60.762 Loading class sun/security/provider/SecureRandom
Event: 60.762 Loading class sun/security/provider/SecureRandom done
Event: 60.762 Loading class sun/security/provider/SecureRandom$SeederHolder
Event: 60.762 Loading class sun/security/provider/SecureRandom$SeederHolder done
Event: 190.761 Loading class sun/net/ConnectionResetException
Event: 190.762 Loading class sun/net/ConnectionResetException done

Classes unloaded (0 events):
No events

Classes redefined (0 events):
No events

Internal exceptions (20 events):
Event: 25.033 Thread 0x00000182e2fa7f80 Exception <a 'java/io/IOException'{0x0000000713cd1b20}> (0x0000000713cd1b20) 
thrown [s\open\src\hotspot\share\prims\jni.cpp, line 520]
Event: 25.034 Thread 0x00000182e2fa7f80 Exception <a 'java/io/IOException'{0x0000000713cd4300}> (0x0000000713cd4300) 
thrown [s\open\src\hotspot\share\prims\jni.cpp, line 520]
Event: 34.756 Thread 0x00000182e3e7c840 Exception <a 'java/io/IOException'{0x000000071165a940}> (0x000000071165a940) 
thrown [s\open\src\hotspot\share\prims\jni.cpp, line 520]
Event: 34.757 Thread 0x00000182e3e7c840 Exception <a 'java/io/IOException'{0x000000071165d120}> (0x000000071165d120) 
thrown [s\open\src\hotspot\share\prims\jni.cpp, line 520]
Event: 34.758 Thread 0x00000182e3e7a0e0 Exception <a 'java/io/IOException'{0x0000000711549588}> (0x0000000711549588) 
thrown [s\open\src\hotspot\share\prims\jni.cpp, line 520]
Event: 34.759 Thread 0x00000182e3e7a0e0 Exception <a 'java/io/IOException'{0x000000071154bd68}> (0x000000071154bd68) 
thrown [s\open\src\hotspot\share\prims\jni.cpp, line 520]
Event: 34.760 Thread 0x00000182e3e7d560 Exception <a 'java/io/IOException'{0x00000007115d1040}> (0x00000007115d1040) 
thrown [s\open\src\hotspot\share\prims\jni.cpp, line 520]
Event: 34.762 Thread 0x00000182e3e7d560 Exception <a 'java/io/IOException'{0x00000007115d3a28}> (0x00000007115d3a28) 
thrown [s\open\src\hotspot\share\prims\jni.cpp, line 520]
Event: 34.763 Thread 0x00000182e3e7c1b0 Exception <a 'java/io/IOException'{0x0000000713b72528}> (0x0000000713b72528) 
thrown [s\open\src\hotspot\share\prims\jni.cpp, line 520]
Event: 34.765 Thread 0x00000182e3e7c1b0 Exception <a 'java/io/IOException'{0x0000000713b74f10}> (0x0000000713b74f10) 
thrown [s\open\src\hotspot\share\prims\jni.cpp, line 520]
Event: 180.422 Thread 0x00000182e334ed70 Exception <a 'java/lang/NoSuchMethodError'{0x000000071a7eb2a8}: 'void java.lang.invoke.DirectMethodHandle$Holder.invokeSpecialIFC(java.lang.Object, java.lang.Object, int, java.lang.Object, java.lang.Object, java.lang.Object, java.lang.Object)'> (0x000000071a7eb2a8) 
thrown [s\open\src\hotspot\share\interpreter\linkResolver.cpp, line 796]
Event: 190.739 Thread 0x00000182e3e7d560 Exception <a 'java/io/IOException'{0x0000000716a8c230}> (0x0000000716a8c230) 
thrown [s\open\src\hotspot\share\prims\jni.cpp, line 520]
Event: 190.740 Thread 0x00000182e3e7d560 Exception <a 'java/io/IOException'{0x0000000716a8ea10}> (0x0000000716a8ea10) 
thrown [s\open\src\hotspot\share\prims\jni.cpp, line 520]
Event: 190.741 Thread 0x00000182e334ed70 Exception <a 'java/io/IOException'{0x0000000717037e48}> (0x0000000717037e48) 
thrown [s\open\src\hotspot\share\prims\jni.cpp, line 520]
Event: 190.742 Thread 0x00000182e334ed70 Exception <a 'java/io/IOException'{0x000000071703a830}> (0x000000071703a830) 
thrown [s\open\src\hotspot\share\prims\jni.cpp, line 520]
Event: 190.742 Thread 0x00000182e3e7ced0 Exception <a 'java/io/IOException'{0x0000000716a51008}> (0x0000000716a51008) 
thrown [s\open\src\hotspot\share\prims\jni.cpp, line 520]
Event: 190.743 Thread 0x00000182e3e7ced0 Exception <a 'java/io/IOException'{0x0000000716a539f0}> (0x0000000716a539f0) 
thrown [s\open\src\hotspot\share\prims\jni.cpp, line 520]
Event: 190.744 Thread 0x00000182e2faa6e0 Exception <a 'java/io/IOException'{0x0000000716e55cc8}> (0x0000000716e55cc8) 
thrown [s\open\src\hotspot\share\prims\jni.cpp, line 520]
Event: 190.745 Thread 0x00000182e2faa6e0 Exception <a 'java/io/IOException'{0x0000000716e586e8}> (0x0000000716e586e8) 
thrown [s\open\src\hotspot\share\prims\jni.cpp, line 520]
Event: 190.761 Thread 0x00000182e2fab400 Exception <a 'java/io/IOException'{0x0000000716ad2138}> (0x0000000716ad2138) 
thrown [s\open\src\hotspot\share\prims\jni.cpp, line 520]

VM Operations (20 events):
Event: 14.495 Executing VM operation: HandshakeAllThreads (Deoptimize)
Event: 14.495 Executing VM operation: HandshakeAllThreads (Deoptimize) done
Event: 14.505 Executing VM operation: HandshakeAllThreads (Deoptimize)
Event: 14.505 Executing VM operation: HandshakeAllThreads (Deoptimize) done
Event: 14.892 Executing VM operation: HandshakeAllThreads (Deoptimize)
Event: 14.892 Executing VM operation: HandshakeAllThreads (Deoptimize) done
Event: 14.910 Executing VM operation: HandshakeAllThreads (Deoptimize)
Event: 14.910 Executing VM operation: HandshakeAllThreads (Deoptimize) done
Event: 60.098 Executing VM operation: HandshakeAllThreads (HandshakeForDeflation)
Event: 60.098 Executing VM operation: HandshakeAllThreads (HandshakeForDeflation) done
Event: 60.098 Executing VM operation: RendezvousGCThreads
Event: 60.098 Executing VM operation: RendezvousGCThreads done
Event: 60.787 Executing VM operation: HandshakeAllThreads (Deoptimize)
Event: 60.787 Executing VM operation: HandshakeAllThreads (Deoptimize) done
Event: 120.281 Executing VM operation: HandshakeAllThreads (HandshakeForDeflation)
Event: 120.281 Executing VM operation: HandshakeAllThreads (HandshakeForDeflation) done
Event: 120.282 Executing VM operation: RendezvousGCThreads
Event: 120.282 Executing VM operation: RendezvousGCThreads done
Event: 180.359 Executing VM operation: G1CollectForAllocation (G1 Evacuation Pause)
Event: 180.369 Executing VM operation: G1CollectForAllocation (G1 Evacuation Pause) done

Memory protections (0 events):
No events

Nmethod flushes (20 events):
Event: 4.831 Thread 0x00000182ffa785c0 flushing  nmethod 0x0000018288725b88
Event: 4.831 Thread 0x00000182ffa785c0 flushing  nmethod 0x0000018288726588
Event: 4.831 Thread 0x00000182ffa785c0 flushing  nmethod 0x0000018288727088
Event: 4.831 Thread 0x00000182ffa785c0 flushing  nmethod 0x00000182887da088
Event: 4.831 Thread 0x00000182ffa785c0 flushing  nmethod 0x0000018288814308
Event: 4.831 Thread 0x00000182ffa785c0 flushing  nmethod 0x0000018288814e88
Event: 4.831 Thread 0x00000182ffa785c0 flushing  nmethod 0x0000018288859188
Event: 4.831 Thread 0x00000182ffa785c0 flushing  nmethod 0x00000182888f1708
Event: 4.831 Thread 0x00000182ffa785c0 flushing  nmethod 0x00000182888f3408
Event: 4.831 Thread 0x00000182ffa785c0 flushing  nmethod 0x000001828893d508
Event: 4.831 Thread 0x00000182ffa785c0 flushing  nmethod 0x00000182889aa408
Event: 4.831 Thread 0x00000182ffa785c0 flushing  nmethod 0x0000018288a44988
Event: 4.831 Thread 0x00000182ffa785c0 flushing  nmethod 0x0000018288b6e388
Event: 4.831 Thread 0x00000182ffa785c0 flushing  nmethod 0x0000018288bb3288
Event: 4.831 Thread 0x00000182ffa785c0 flushing  nmethod 0x0000018288c37c08
Event: 4.831 Thread 0x00000182ffa785c0 flushing  nmethod 0x0000018288c3de88
Event: 4.831 Thread 0x00000182ffa785c0 flushing  nmethod 0x0000018288c3ee88
Event: 4.831 Thread 0x00000182ffa785c0 flushing  nmethod 0x0000018288c3f508
Event: 4.831 Thread 0x00000182ffa785c0 flushing  nmethod 0x0000018288d0b708
Event: 4.831 Thread 0x00000182ffa785c0 flushing  nmethod 0x0000018288d0bd08

Events (20 events):
Event: 6.017 Thread 0x00000182e3378070 Thread exited: 0x00000182e3378070
Event: 9.099 Thread 0x00000182e2fa3de0 Thread exited: 0x00000182e2fa3de0
Event: 14.256 Thread 0x000001829b3e0090 Thread added: 0x00000182e337a280
Event: 14.590 Thread 0x000001829b3e0090 Thread added: 0x00000182e3376c00
Event: 15.474 Thread 0x00000182e337a280 Thread exited: 0x00000182e337a280
Event: 15.474 Thread 0x00000182e3376c00 Thread exited: 0x00000182e3376c00
Event: 24.724 Thread 0x000001829b3e0090 Thread added: 0x00000182e337a280
Event: 24.738 Thread 0x000001829b3e0090 Thread added: 0x00000182e3376c00
Event: 25.460 Thread 0x00000182e337a280 Thread exited: 0x00000182e337a280
Event: 25.460 Thread 0x00000182e3376c00 Thread exited: 0x00000182e3376c00
Event: 34.655 Thread 0x00000182ffab6500 Thread added: 0x00000182e337a280
Event: 34.734 Thread 0x000001829b3e0090 Thread added: 0x00000182e3376c00
Event: 34.972 Thread 0x00000182e337a280 Thread exited: 0x00000182e337a280
Event: 34.972 Thread 0x00000182e3376c00 Thread exited: 0x00000182e3376c00
Event: 180.350 Thread 0x000001829b3e0090 Thread added: 0x00000182e337a280
Event: 180.350 Thread 0x000001829b3e0090 Thread added: 0x00000182e3376c00
Event: 184.690 Thread 0x00000182e3376c00 Thread exited: 0x00000182e3376c00
Event: 186.719 Thread 0x00000182e337a280 Thread exited: 0x00000182e337a280
Event: 190.725 Thread 0x00000182ffab6500 Thread added: 0x00000182e3376c00
Event: 190.725 Thread 0x00000182ffab6500 Thread added: 0x00000182e337b6f0


Dynamic libraries:
0x00007ff6168d0000 - 0x00007ff6168de000 	C:\Users\Juan Jose\.jdks\openjdk-23.0.2\bin\java.exe
0x00007ffdb2500000 - 0x00007ffdb2763000 	C:\WINDOWS\SYSTEM32\ntdll.dll
0x00007ffd553a0000 - 0x00007ffd553ba000 	C:\Program Files\AVG\Antivirus\aswhook.dll
0x00007ffdb16f0000 - 0x00007ffdb17b7000 	C:\WINDOWS\System32\KERNEL32.DLL
0x00007ffdafc40000 - 0x00007ffdb0007000 	C:\WINDOWS\System32\KERNELBASE.dll
0x00007ffdafac0000 - 0x00007ffdafc0c000 	C:\WINDOWS\System32\ucrtbase.dll
0x00007ffd9f8d0000 - 0x00007ffd9f8eb000 	C:\Users\Juan Jose\.jdks\openjdk-23.0.2\bin\VCRUNTIME140.dll
0x00007ffdac800000 - 0x00007ffdac817000 	C:\Users\Juan Jose\.jdks\openjdk-23.0.2\bin\jli.dll
0x00007ffdb0560000 - 0x00007ffdb0729000 	C:\WINDOWS\System32\USER32.dll
0x00007ffd9a440000 - 0x00007ffd9a6d0000 	C:\WINDOWS\WinSxS\amd64_microsoft.windows.common-controls_6595b64144ccf1df_6.0.26100.3037_none_3e09262ce333c378\COMCTL32.dll
0x00007ffdafc10000 - 0x00007ffdafc37000 	C:\WINDOWS\System32\win32u.dll
0x00007ffdb0d50000 - 0x00007ffdb0d7a000 	C:\WINDOWS\System32\GDI32.dll
0x00007ffdb0870000 - 0x00007ffdb0919000 	C:\WINDOWS\System32\msvcrt.dll
0x00007ffdb0180000 - 0x00007ffdb02ab000 	C:\WINDOWS\System32\gdi32full.dll
0x00007ffdb0010000 - 0x00007ffdb00b3000 	C:\WINDOWS\System32\msvcp_win.dll
0x00007ffdb16b0000 - 0x00007ffdb16df000 	C:\WINDOWS\System32\IMM32.DLL
0x00007ffdac7f0000 - 0x00007ffdac7fc000 	C:\Users\Juan Jose\.jdks\openjdk-23.0.2\bin\vcruntime140_1.dll
0x00007ffd964f0000 - 0x00007ffd9657e000 	C:\Users\Juan Jose\.jdks\openjdk-23.0.2\bin\msvcp140.dll
0x00007ffcc92a0000 - 0x00007ffcc9ff0000 	C:\Users\Juan Jose\.jdks\openjdk-23.0.2\bin\server\jvm.dll
0x00007ffdb0a20000 - 0x00007ffdb0ad4000 	C:\WINDOWS\System32\ADVAPI32.dll
0x00007ffdb0d80000 - 0x00007ffdb0e26000 	C:\WINDOWS\System32\sechost.dll
0x00007ffdb1dc0000 - 0x00007ffdb1ed6000 	C:\WINDOWS\System32\RPCRT4.dll
0x00007ffdb04d0000 - 0x00007ffdb0544000 	C:\WINDOWS\System32\WS2_32.dll
0x00007ffdaf680000 - 0x00007ffdaf6ce000 	C:\WINDOWS\SYSTEM32\POWRPROF.dll
0x00007ffda7ed0000 - 0x00007ffda7f06000 	C:\WINDOWS\SYSTEM32\WINMM.dll
0x00007ffda7f10000 - 0x00007ffda7f1b000 	C:\WINDOWS\SYSTEM32\VERSION.dll
0x00007ffdaf550000 - 0x00007ffdaf564000 	C:\WINDOWS\SYSTEM32\UMPDC.dll
0x00007ffdae690000 - 0x00007ffdae6aa000 	C:\WINDOWS\SYSTEM32\kernel.appcore.dll
0x00007ffdaa510000 - 0x00007ffdaa51a000 	C:\Users\Juan Jose\.jdks\openjdk-23.0.2\bin\jimage.dll
0x00007ffda83c0000 - 0x00007ffda8601000 	C:\WINDOWS\SYSTEM32\DBGHELP.DLL
0x00007ffdb2130000 - 0x00007ffdb24ae000 	C:\WINDOWS\System32\combase.dll
0x00007ffdb15b0000 - 0x00007ffdb1686000 	C:\WINDOWS\System32\OLEAUT32.dll
0x00007ffda5080000 - 0x00007ffda50b9000 	C:\WINDOWS\SYSTEM32\dbgcore.DLL
0x00007ffdafa20000 - 0x00007ffdafab9000 	C:\WINDOWS\System32\bcryptPrimitives.dll
0x00007ffd9ffd0000 - 0x00007ffd9ffdf000 	C:\Users\Juan Jose\.jdks\openjdk-23.0.2\bin\instrument.dll
0x00007ffd9c650000 - 0x00007ffd9c66e000 	C:\Users\Juan Jose\.jdks\openjdk-23.0.2\bin\java.dll
0x00007ffdb0bb0000 - 0x00007ffdb0d45000 	C:\WINDOWS\System32\ole32.dll
0x00007ffdb0e40000 - 0x00007ffdb1544000 	C:\WINDOWS\System32\SHELL32.dll
0x00007ffdad580000 - 0x00007ffdaddb7000 	C:\WINDOWS\SYSTEM32\windows.storage.dll
0x00007ffdb17c0000 - 0x00007ffdb18a9000 	C:\WINDOWS\System32\SHCORE.dll
0x00007ffdb0730000 - 0x00007ffdb078d000 	C:\WINDOWS\System32\shlwapi.dll
0x00007ffdaf7b0000 - 0x00007ffdaf7de000 	C:\WINDOWS\SYSTEM32\profapi.dll
0x00007ffd0f250000 - 0x00007ffd0f327000 	C:\Users\Juan Jose\.jdks\openjdk-23.0.2\bin\jsvml.dll
0x00007ffd97bc0000 - 0x00007ffd97bd7000 	C:\Users\Juan Jose\.jdks\openjdk-23.0.2\bin\zip.dll
0x00007ffda2fa0000 - 0x00007ffda2fb0000 	C:\Users\Juan Jose\.jdks\openjdk-23.0.2\bin\net.dll
0x00007ffdaeb80000 - 0x00007ffdaebea000 	C:\WINDOWS\system32\mswsock.dll
0x00007ffd98ee0000 - 0x00007ffd98ef6000 	C:\Users\Juan Jose\.jdks\openjdk-23.0.2\bin\nio.dll
0x00007ffd96af0000 - 0x00007ffd96b0a000 	C:\Program Files\JetBrains\IntelliJ IDEA Community Edition 2024.1.4\bin\breakgen64.dll
0x00007ffd9c640000 - 0x00007ffd9c649000 	C:\Users\Juan Jose\.jdks\openjdk-23.0.2\bin\extnet.dll
0x00007ffd9f8c0000 - 0x00007ffd9f8ca000 	C:\Users\Juan Jose\.jdks\openjdk-23.0.2\bin\management.dll
0x00007ffd9f840000 - 0x00007ffd9f84b000 	C:\Users\Juan Jose\.jdks\openjdk-23.0.2\bin\management_ext.dll
0x00007ffdb0e30000 - 0x00007ffdb0e38000 	C:\WINDOWS\System32\PSAPI.DLL
0x00007ffd97ea0000 - 0x00007ffd97eae000 	C:\Users\Juan Jose\.jdks\openjdk-23.0.2\bin\sunmscapi.dll
0x00007ffdaf8a0000 - 0x00007ffdafa16000 	C:\WINDOWS\System32\CRYPT32.dll
0x00007ffdaf080000 - 0x00007ffdaf0b0000 	C:\WINDOWS\SYSTEM32\ncrypt.dll
0x00007ffdaf030000 - 0x00007ffdaf06f000 	C:\WINDOWS\SYSTEM32\NTASN1.dll
0x00007ffdaef30000 - 0x00007ffdaef4c000 	C:\WINDOWS\SYSTEM32\CRYPTSP.dll
0x00007ffdae5f0000 - 0x00007ffdae628000 	C:\WINDOWS\system32\rsaenh.dll
0x00007ffdaec20000 - 0x00007ffdaec4b000 	C:\WINDOWS\SYSTEM32\USERENV.dll
0x00007ffdaf0c0000 - 0x00007ffdaf0e6000 	C:\WINDOWS\SYSTEM32\bcrypt.dll
0x00007ffdaedb0000 - 0x00007ffdaedbc000 	C:\WINDOWS\SYSTEM32\CRYPTBASE.dll
0x00007ffdae0b0000 - 0x00007ffdae0e2000 	C:\WINDOWS\SYSTEM32\IPHLPAPI.DLL
0x00007ffdb0550000 - 0x00007ffdb055a000 	C:\WINDOWS\System32\NSI.dll
0x00007ffd97bb0000 - 0x00007ffd97bc0000 	C:\Users\Juan Jose\.jdks\openjdk-23.0.2\bin\verify.dll
0x00007ffdae140000 - 0x00007ffdae265000 	C:\WINDOWS\SYSTEM32\DNSAPI.dll
0x00007ffd8d410000 - 0x00007ffd8d41b000 	C:\Windows\System32\rasadhlp.dll
0x00007ffda8310000 - 0x00007ffda8395000 	C:\WINDOWS\System32\fwpuclnt.dll
0x00007ffd55940000 - 0x00007ffd55948000 	C:\WINDOWS\system32\wshunix.dll

dbghelp: loaded successfully - version: 4.0.5 - missing functions: none
symbol engine: initialized successfully - sym options: 0x614 - pdb path: .;C:\Users\Juan Jose\.jdks\openjdk-23.0.2\bin;C:\WINDOWS\SYSTEM32;C:\Program Files\AVG\Antivirus;C:\WINDOWS\WinSxS\amd64_microsoft.windows.common-controls_6595b64144ccf1df_6.0.26100.3037_none_3e09262ce333c378;C:\Users\Juan Jose\.jdks\openjdk-23.0.2\bin\server;C:\Program Files\JetBrains\IntelliJ IDEA Community Edition 2024.1.4\bin

VM Arguments:
jvm_args: --enable-preview -javaagent:C:\Program Files\JetBrains\IntelliJ IDEA Community Edition 2024.1.4\lib\idea_rt.jar=21735:C:\Program Files\JetBrains\IntelliJ IDEA Community Edition 2024.1.4\bin -Dfile.encoding=UTF-8 -Dsun.stdout.encoding=UTF-8 -Dsun.stderr.encoding=UTF-8 
java_command: com.java.pianomaster.PianomasterApplication
java_class_path (initial): C:\Users\Juan Jose\Documents\pianomaster\pianomaster\pianomaster\target\classes;C:\Users\Juan Jose\.m2\repository\org\springframework\boot\spring-boot-starter-data-jpa\3.3.6\spring-boot-starter-data-jpa-3.3.6.jar;C:\Users\Juan Jose\.m2\repository\org\springframework\boot\spring-boot-starter-aop\3.3.6\spring-boot-starter-aop-3.3.6.jar;C:\Users\Juan Jose\.m2\repository\org\aspectj\aspectjweaver\1.9.22.1\aspectjweaver-1.9.22.1.jar;C:\Users\Juan Jose\.m2\repository\org\springframework\boot\spring-boot-starter-jdbc\3.3.6\spring-boot-starter-jdbc-3.3.6.jar;C:\Users\Juan Jose\.m2\repository\com\zaxxer\HikariCP\5.1.0\HikariCP-5.1.0.jar;C:\Users\Juan Jose\.m2\repository\org\springframework\spring-jdbc\6.1.15\spring-jdbc-6.1.15.jar;C:\Users\Juan Jose\.m2\repository\org\hibernate\orm\hibernate-core\6.5.3.Final\hibernate-core-6.5.3.Final.jar;C:\Users\Juan Jose\.m2\repository\jakarta\persistence\jakarta.persistence-api\3.1.0\jakarta.persistence-api-3.1.0.jar;C:\Users\Juan Jose\.m2\repository\jakarta\transaction\jakarta.transaction-api\2.0.1\jakarta.transaction-api-2.0.1.jar;C:\Users\Juan Jose\.m2\repository\org\jboss\logging\jboss-logging\3.5.3.Final\jboss-logging-3.5.3.Final.jar;C:\Users\Juan Jose\.m2\repository\org\hibernate\common\hibernate-commons-annotations\6.0.6.Final\hibernate-commons-annotations-6.0.6.Final.jar;C:\Users\Juan Jose\.m2\repository\io\smallrye\jandex\3.1.2\jandex-3.1.2.jar;C:\Users\Juan Jose\.m2\repository\com\fasterxml\classmate\1.7.0\classmate-1.7.0.jar;C:\Users\Juan Jose\.m2\repository\net\bytebuddy\byte-buddy\1.14.19\byte-buddy-1.14.19.jar;C:\Users\Juan Jose\.m2\repository\org\glassfish\jaxb\jaxb-runtime\4.0.5\jaxb-runtime-4.0.5.jar;C:\Users\Juan Jose\.m2\repository\org\glassfish\jaxb\jaxb-core\4.0.5\jaxb-core-4.0.5.jar;C:\Users\Juan Jose\.m2\repository\org\eclipse\angus\angus-activation\2.0.2\angus-activation-2.0.2.jar;C:\Users\Juan Jose\.m2\repository\org\glassfish\jaxb\txw2\4.0.5\txw2-4.0.5.jar;C:\Users\Juan Jose\.m2\repository\com\sun\istack\istack-commons-runtime\4.1.2\istack-commons-runtime-4.1.2.jar;C:\Users\Juan Jose\.m2\repository\jakarta\inject\jakarta.inject-api\2.0.1\jakarta.inject-api-2.0.1.jar;C:\Users\Juan Jose\.m2\repository\org\antlr\antlr4-runtime\4.13.0\antlr4-runtime-4.13.0.jar;C:\Users\Juan Jose\.m2\repository\org\springframework\data\spring-data-jpa\3.3.6\spring-data-jpa-3.3.6.jar;C:\Users\Juan Jose\.m2\repository\org\springframework\data\spring-data-commons\3.3.6\spring-data-commons-3.3.6.jar;C:\Users\Juan Jose\.m2\repository\org\springframework\spring-orm\6.1.15\spring-orm-6.1.15.jar;C:\Users\Juan Jose\.m2\repository\org\springframework\spring-context\6.1.15\spring-context-6.1.15.jar;C:\Users\Juan Jose\.m2\repository\org\springframework\spring-tx\6.1.15\spring-tx-6.1.15.jar;C:\Users\Juan Jose\.m2\repository\org\springframework\spring-beans\6.1.15\spring-beans-6.1.15.jar;C:\Users\Juan Jose\.m2\repository\jakarta\annotation\jakarta.annotation-api\2.1.1\jakarta.annotation-api-2.1.1.jar;C:\Users\Juan Jose\.m2\repository\org\slf4j\slf4j-api\2.0.16\slf4j-api-2.0.16.jar;C:\Users\Juan Jose\.m2\repository\org\springframework\spring-aspects\6.1.15\spring-aspects-6.1.15.jar;C:\Users\Juan Jose\.m2\repository\org\springframework\boot\spring-boot-starter-thymeleaf\3.3.6\spring-boot-starter-thymeleaf-3.3.6.jar;C:\Users\Juan Jose\.m2\repository\org\springframework\boot\spring-boot-starter\3.3.6\spring-boot-starter-3.3.6.jar;C:\Users\Juan Jose\.m2\repository\org\springframework\boot\spring-boot-starter-logging\3.3.6\spring-boot-starter-logging-3.3.6.jar;C:\Users\Juan Jose\.m2\repository\ch\qos\logback\logback-classic\1.5.12\logback-classic-1.5.12.jar;C:\Users\Juan Jose\.m2\repository\ch\qos\logback\logback-core\1.5.12\logback-core-1.5.12.jar;C:\Users\Juan Jose\.m2\repository\org\apache\logging\log4j\log4j-to-slf4j\2.23.1\log4j-to-slf4j-2.23.1.jar;C:\Users\Juan Jose\.m2\repository\org\apache\logging\log4j\log4j-api\2.23.1\log4j-api-2.23.1.jar;C:\Users\Juan Jose\.m2\repository\org\slf4j\jul-to-slf4j\2.0.16\jul-to-slf4j-2.0.16.jar;C:\Users\Juan Jose\.m2\repository\org\yaml\snakeyaml\2.2\snakeyaml-2.2.jar;C:\Users\Juan Jose\.m2\repository\org\thymeleaf\thymeleaf-spring6\3.1.2.RELEASE\thymeleaf-spring6-3.1.2.RELEASE.jar;C:\Users\Juan Jose\.m2\repository\org\thymeleaf\thymeleaf\3.1.2.RELEASE\thymeleaf-3.1.2.RELEASE.jar;C:\Users\Juan Jose\.m2\repository\org\attoparser\attoparser\2.0.7.RELEASE\attoparser-2.0.7.RELEASE.jar;C:\Users\Juan Jose\.m2\repository\org\unbescape\unbescape\1.1.6.RELEASE\unbescape-1.1.6.RELEASE.jar;C:\Users\Juan Jose\.m2\repository\org\springframework\boot\spring-boot-starter-web\3.3.6\spring-boot-starter-web-3.3.6.jar;C:\Users\Juan Jose\.m2\repository\org\springframework\boot\spring-boot-starter-json\3.3.6\spring-boot-starter-json-3.3.6.jar;C:\Users\Juan Jose\.m2\repository\com\fasterxml\jackson\core\jackson-databind\2.17.3\jackson-databind-2.17.3.jar;C:\Users\Juan Jose\.m2\repository\com\fasterxml\jackson\core\jackson-annotations\2.17.3\jackson-annotations-2.17.3.jar;C:\Users\Juan Jose\.m2\repository\com\fasterxml\jackson\core\jackson-core\2.17.3\jackson-core-2.17.3.jar;C:\Users\Juan Jose\.m2\repository\com\fasterxml\jackson\datatype\jackson-datatype-jdk8\2.17.3\jackson-datatype-jdk8-2.17.3.jar;C:\Users\Juan Jose\.m2\repository\com\fasterxml\jackson\datatype\jackson-datatype-jsr310\2.17.3\jackson-datatype-jsr310-2.17.3.jar;C:\Users\Juan Jose\.m2\repository\com\fasterxml\jackson\module\jackson-module-parameter-names\2.17.3\jackson-module-parameter-names-2.17.3.jar;C:\Users\Juan Jose\.m2\repository\org\springframework\boot\spring-boot-starter-tomcat\3.3.6\spring-boot-starter-tomcat-3.3.6.jar;C:\Users\Juan Jose\.m2\repository\org\apache\tomcat\embed\tomcat-embed-core\10.1.33\tomcat-embed-core-10.1.33.jar;C:\Users\Juan Jose\.m2\repository\org\apache\tomcat\embed\tomcat-embed-el\10.1.33\tomcat-embed-el-10.1.33.jar;C:\Users\Juan Jose\.m2\repository\org\apache\tomcat\embed\tomcat-embed-websocket\10.1.33\tomcat-embed-websocket-10.1.33.jar;C:\Users\Juan Jose\.m2\repository\org\springframework\spring-web\6.1.15\spring-web-6.1.15.jar;C:\Users\Juan Jose\.m2\repository\io\micrometer\micrometer-observation\1.13.8\micrometer-observation-1.13.8.jar;C:\Users\Juan Jose\.m2\repository\io\micrometer\micrometer-commons\1.13.8\micrometer-commons-1.13.8.jar;C:\Users\Juan Jose\.m2\repository\org\springframework\spring-webmvc\6.1.15\spring-webmvc-6.1.15.jar;C:\Users\Juan Jose\.m2\repository\org\springframework\spring-expression\6.1.15\spring-expression-6.1.15.jar;C:\Users\Juan Jose\.m2\repository\org\springframework\boot\spring-boot-starter-security\3.3.6\spring-boot-starter-security-3.3.6.jar;C:\Users\Juan Jose\.m2\repository\org\springframework\spring-aop\6.1.15\spring-aop-6.1.15.jar;C:\Users\Juan Jose\.m2\repository\org\springframework\security\spring-security-config\6.3.5\spring-security-config-6.3.5.jar;C:\Users\Juan Jose\.m2\repository\org\springframework\security\spring-security-core\6.3.5\spring-security-core-6.3.5.jar;C:\Users\Juan Jose\.m2\repository\org\springframework\security\spring-security-crypto\6.3.5\spring-security-crypto-6.3.5.jar;C:\Users\Juan Jose\.m2\repository\org\springframework\security\spring-security-web\6.3.5\spring-security-web-6.3.5.jar;C:\Users\Juan Jose\.m2\repository\org\springframework\boot\spring-boot-devtools\3.3.6\spring-boot-devtools-3.3.6.jar;C:\Users\Juan Jose\.m2\repository\org\springframework\boot\spring-boot\3.3.6\spring-boot-3.3.6.jar;C:\Users\Juan Jose\.m2\repository\org\springframework\boot\spring-boot-autoconfigure\3.3.6\spring-boot-autoconfigure-3.3.6.jar;C:\Users\Juan Jose\.m2\repository\com\mysql\mysql-connector-j\8.3.0\mysql-connector-j-8.3.0.jar;C:\Users\Juan Jose\.m2\repository\jakarta\xml\bind\jakarta.xml.bind-api\4.0.2\jakarta.xml.bind-api-4.0.2.jar;C:\Users\Juan Jose\.m2\repository\jakarta\activation\jakarta.activation-api\2.1.3\jakarta.activation-api-2.1.3.jar;C:\Users\Juan Jose\.m2\repository\org\springframework\spring-core\6.1.15\spring-core-6.1.15.jar;C:\Users\Juan Jose\.m2\repository\org\springframework\spring-jcl\6.1.15\spring-jcl-6.1.15.jar
Launcher Type: SUN_STANDARD

[Global flags]
     intx CICompilerCount                          = 4                                         {product} {ergonomic}
     uint ConcGCThreads                            = 3                                         {product} {ergonomic}
     uint G1ConcRefinementThreads                  = 10                                        {product} {ergonomic}
   size_t G1HeapRegionSize                         = 2097152                                   {product} {ergonomic}
   size_t InitialHeapSize                          = 257949696                                 {product} {ergonomic}
   size_t MarkStackSize                            = 4194304                                   {product} {ergonomic}
   size_t MarkStackSizeMax                         = 536870912                                 {product} {ergonomic}
   size_t MaxHeapSize                              = 4108320768                                {product} {ergonomic}
   size_t MaxNewSize                               = 2464153600                                {product} {ergonomic}
   size_t MinHeapDeltaBytes                        = 2097152                                   {product} {ergonomic}
   size_t MinHeapSize                              = 8388608                                   {product} {ergonomic}
    uintx NonNMethodCodeHeapSize                   = 5832704                                {pd product} {ergonomic}
    uintx NonProfiledCodeHeapSize                  = 122945536                              {pd product} {ergonomic}
    uintx ProfiledCodeHeapSize                     = 122880000                              {pd product} {ergonomic}
    uintx ReservedCodeCacheSize                    = 251658240                              {pd product} {ergonomic}
     bool SegmentedCodeCache                       = true                                      {product} {ergonomic}
   size_t SoftMaxHeapSize                          = 4108320768                             {manageable} {ergonomic}
     bool UseCompressedOops                        = true                           {product lp64_product} {ergonomic}
     bool UseG1GC                                  = true                                      {product} {ergonomic}
     bool UseLargePagesIndividualAllocation        = false                                  {pd product} {ergonomic}

Logging:
Log output configuration:
 #0: stdout all=warning uptime,level,tags foldmultilines=false
 #1: stderr all=off uptime,level,tags foldmultilines=false

Environment Variables:
PATH=C:\Program Files\Common Files\Oracle\Java\javapath;C:\Program Files (x86)\Common Files\Oracle\Java\java8path;C:\Program Files (x86)\Common Files\Oracle\Java\javapath;C:\ProgramData\Oracle\Java\javapath;C:\Program Files (x86)\Common Files\Intel\Shared Libraries\redist\intel64\compiler;C:\WINDOWS\system32;C:\WINDOWS;C:\WINDOWS\System32\Wbem;C:\WINDOWS\System32\WindowsPowerShell\v1.0\;C:\WINDOWS\System32\OpenSSH\;C:\Program Files (x86)\Common Files\Propellerhead Software\ReWire\;C:\Program Files\Common Files\Propellerhead Software\ReWire\;C:\Program Files\MySQL\MySQL Server 8.0\bin;C:\xampp\php;C:\ProgramData\ComposerSetup\bin;C:\dev\flutter\bin;C:\Program Files (x86)\Windows Kits\10\Windows Performance Toolkit\;C:\Program Files (x86)\Microsoft SQL Server\160\Tools\Binn\;C:\Program Files\Microsoft SQL Server\160\Tools\Binn\;C:\Program Files\Microsoft SQL Server\Client SDK\ODBC\170\Tools\Binn\;C:\Program Files\Microsoft SQL Server\160\DTS\Binn\;C:\Program Files (x86)\Microsoft SQL Server\160\DTS\Binn\;C:\Program Files\dotnet\;C:\Program Files\Microsoft SQL Server\150\Tools\Binn\;C:\Program Files\Git\cmd;C:\Program Files\nodejs\;C:\Program Files\Go\bin;C:\Program Files\Calibre2\;C:\Program Files\Docker\Docker\resources\bin;C:\Users\Juan Jose\AppData\Local\Programs\Eclipse Adoptium\jdk-21.0.6.7-hotspot\bin;C:\Users\Juan Jose\AppData\Local\Programs\Python\Python313\Scripts\;C:\Users\Juan Jose\AppData\Local\Programs\Python\Python313\;C:\Users\Juan Jose\AppData\Local\Programs\Python\Launcher\;C:\Users\Juan Jose\AppData\Local\Microsoft\WindowsApps;C:\Users\Juan Jose\AppData\Roaming\Composer\vendor\bin;C:\Program Files (x86)\Nmap;C:\dev\flutter\bin;C:\Users\Juan Jose\AppData\Local\Programs\Microsoft VS Code\bin;C:\Users\Juan Jose\.dotnet\tools;C:\Users\Juan Jose\AppData\Local\GitHubDesktop\bin;C:\Users\Juan Jose\AppData\Roaming\npm;C:\Users\Juan Jose\go\bin;;C:\Users\Juan Jose\.fly\bin
USERNAME=Juan Jose
OS=Windows_NT
PROCESSOR_IDENTIFIER=AMD64 Family 25 Model 80 Stepping 0, AuthenticAMD
TMP=C:\Users\JUANJO~1\AppData\Local\Temp
TEMP=C:\Users\JUANJO~1\AppData\Local\Temp




Periodic native trim disabled

---------------  S Y S T E M  ---------------

OS:
 Windows 11 , 64 bit Build 26100 (10.0.26100.3037)
OS uptime: 0 days 7:44 hours
Hyper-V role detected

CPU: total 12 (initial active 12) (12 cores per cpu, 2 threads per core) family 25 model 80 stepping 0 microcode 0xa50000d, cx8, cmov, fxsr, ht, mmx, 3dnowpref, sse, sse2, sse3, ssse3, sse4a, sse4.1, sse4.2, popcnt, lzcnt, tsc, tscinvbit, avx, avx2, aes, erms, clmul, bmi1, bmi2, adx, sha, fma, vzeroupper, clflush, clflushopt, hv, rdtscp, rdpid, fsrm, f16c, cet_ss
Processor Information for the first 12 processors :
  Max Mhz: 3901, Current Mhz: 3901, Mhz Limit: 3901

Memory: 4k page, system-wide physical 15668M (1130M free)
TotalPageFile size 31812M (AvailPageFile size 0M)
current process WorkingSet (physical memory assigned to process): 334M, peak: 349M
current process commit charge ("private bytes"): 389M, peak: 421M

vm_info: OpenJDK 64-Bit Server VM (23.0.2+7-58) for windows-amd64 JRE (23.0.2+7-58), built on 2024-11-29T09:34:55Z with MS VC++ 17.6 (VS2022)

END.
